<?xml version="1.0" encoding="UTF-8" ?>
<testsuite errors="0" failures="0" hostname="LAPTOP-UGQTF082" name="RationalTest" skipped="0" tests="7" time="0.053" timestamp="2566-09-18T06:58:22">
  <properties>
    <property name="ant.library.dir" value="C:\Program Files\JetBrains\IntelliJ IDEA 2023.1\lib\ant\lib" />
    <property name="ant.file.type" value="file" />
    <property name="java.specification.version" value="17" />
    <property name="sun.cpu.isalist" value="amd64" />
    <property name="sun.jnu.encoding" value="Cp1252" />
    <property name="java.class.path" value="C:\Program Files\Java\jdk-17!\java.base;C:\Program Files\Java\jdk-17!\java.compiler;C:\Program Files\Java\jdk-17!\java.datatransfer;C:\Program Files\Java\jdk-17!\java.desktop;C:\Program Files\Java\jdk-17!\java.instrument;C:\Program Files\Java\jdk-17!\java.logging;C:\Program Files\Java\jdk-17!\java.management;C:\Program Files\Java\jdk-17!\java.management.rmi;C:\Program Files\Java\jdk-17!\java.naming;C:\Program Files\Java\jdk-17!\java.net.http;C:\Program Files\Java\jdk-17!\java.prefs;C:\Program Files\Java\jdk-17!\java.rmi;C:\Program Files\Java\jdk-17!\java.scripting;C:\Program Files\Java\jdk-17!\java.se;C:\Program Files\Java\jdk-17!\java.security.jgss;C:\Program Files\Java\jdk-17!\java.security.sasl;C:\Program Files\Java\jdk-17!\java.smartcardio;C:\Program Files\Java\jdk-17!\java.sql;C:\Program Files\Java\jdk-17!\java.sql.rowset;C:\Program Files\Java\jdk-17!\java.transaction.xa;C:\Program Files\Java\jdk-17!\java.xml;C:\Program Files\Java\jdk-17!\java.xml.crypto;C:\Program Files\Java\jdk-17!\jdk.accessibility;C:\Program Files\Java\jdk-17!\jdk.attach;C:\Program Files\Java\jdk-17!\jdk.charsets;C:\Program Files\Java\jdk-17!\jdk.compiler;C:\Program Files\Java\jdk-17!\jdk.crypto.cryptoki;C:\Program Files\Java\jdk-17!\jdk.crypto.ec;C:\Program Files\Java\jdk-17!\jdk.crypto.mscapi;C:\Program Files\Java\jdk-17!\jdk.dynalink;C:\Program Files\Java\jdk-17!\jdk.editpad;C:\Program Files\Java\jdk-17!\jdk.hotspot.agent;C:\Program Files\Java\jdk-17!\jdk.httpserver;C:\Program Files\Java\jdk-17!\jdk.incubator.foreign;C:\Program Files\Java\jdk-17!\jdk.incubator.vector;C:\Program Files\Java\jdk-17!\jdk.internal.ed;C:\Program Files\Java\jdk-17!\jdk.internal.jvmstat;C:\Program Files\Java\jdk-17!\jdk.internal.le;C:\Program Files\Java\jdk-17!\jdk.internal.opt;C:\Program Files\Java\jdk-17!\jdk.internal.vm.ci;C:\Program Files\Java\jdk-17!\jdk.internal.vm.compiler;C:\Program Files\Java\jdk-17!\jdk.internal.vm.compiler.management;C:\Program Files\Java\jdk-17!\jdk.jartool;C:\Program Files\Java\jdk-17!\jdk.javadoc;C:\Program Files\Java\jdk-17!\jdk.jcmd;C:\Program Files\Java\jdk-17!\jdk.jconsole;C:\Program Files\Java\jdk-17!\jdk.jdeps;C:\Program Files\Java\jdk-17!\jdk.jdi;C:\Program Files\Java\jdk-17!\jdk.jdwp.agent;C:\Program Files\Java\jdk-17!\jdk.jfr;C:\Program Files\Java\jdk-17!\jdk.jlink;C:\Program Files\Java\jdk-17!\jdk.jpackage;C:\Program Files\Java\jdk-17!\jdk.jshell;C:\Program Files\Java\jdk-17!\jdk.jsobject;C:\Program Files\Java\jdk-17!\jdk.jstatd;C:\Program Files\Java\jdk-17!\jdk.localedata;C:\Program Files\Java\jdk-17!\jdk.management;C:\Program Files\Java\jdk-17!\jdk.management.agent;C:\Program Files\Java\jdk-17!\jdk.management.jfr;C:\Program Files\Java\jdk-17!\jdk.naming.dns;C:\Program Files\Java\jdk-17!\jdk.naming.rmi;C:\Program Files\Java\jdk-17!\jdk.net;C:\Program Files\Java\jdk-17!\jdk.nio.mapmode;C:\Program Files\Java\jdk-17!\jdk.random;C:\Program Files\Java\jdk-17!\jdk.sctp;C:\Program Files\Java\jdk-17!\jdk.security.auth;C:\Program Files\Java\jdk-17!\jdk.security.jgss;C:\Program Files\Java\jdk-17!\jdk.unsupported;C:\Program Files\Java\jdk-17!\jdk.unsupported.desktop;C:\Program Files\Java\jdk-17!\jdk.xml.dom;C:\Program Files\Java\jdk-17!\jdk.zipfs;C:\Program Files\JetBrains\IntelliJ IDEA 2023.1\lib\ant\lib\ant.jar;C:\Program Files\JetBrains\IntelliJ IDEA 2023.1\lib\idea_rt.jar" />
    <property name="java.vm.vendor" value="Oracle Corporation" />
    <property name="sun.arch.data.model" value="64" />
    <property name="user.variant" value="" />
    <property name="java.vendor.url" value="https://java.oracle.com/" />
    <property name="user.country.format" value="TH" />
    <property name="java.vm.specification.version" value="17" />
    <property name="os.name" value="Windows 10" />
    <property name="user.country" value="US" />
    <property name="sun.java.launcher" value="SUN_STANDARD" />
    <property name="sun.boot.library.path" value="C:\Program Files\Java\jdk-17\bin" />
    <property name="sun.java.command" value="com.intellij.rt.ant.execution.AntMain2 -logger com.intellij.rt.ant.execution.IdeaAntLogger2 -inputhandler com.intellij.rt.ant.execution.IdeaInputHandler -buildfile C:\Users\acer\Rational\build.xml test" />
    <property name="jdk.debug" value="release" />
    <property name="sun.cpu.endian" value="little" />
    <property name="user.home" value="C:\Users\acer" />
    <property name="user.language" value="en" />
    <property name="java.specification.vendor" value="Oracle Corporation" />
    <property name="java.version.date" value="2023-01-17" />
    <property name="java.home" value="C:\Program Files\Java\jdk-17" />
    <property name="file.separator" value="\" />
    <property name="basedir" value="C:\Users\acer\Rational" />
    <property name="java.vm.compressedOopsMode" value="32-bit" />
    <property name="line.separator" value="&#xd;&#xa;" />
    <property name="ant.java.version" value="17" />
    <property name="java.vm.specification.vendor" value="Oracle Corporation" />
    <property name="java.specification.name" value="Java Platform API Specification" />
    <property name="user.script" value="" />
    <property name="sun.management.compiler" value="HotSpot 64-Bit Tiered Compilers" />
    <property name="java.runtime.version" value="17.0.6+9-LTS-190" />
    <property name="user.name" value="acer" />
    <property name="ant.file" value="C:\Users\acer\Rational\build.xml" />
    <property name="path.separator" value=";" />
    <property name="os.version" value="10.0" />
    <property name="java.runtime.name" value="Java(TM) SE Runtime Environment" />
    <property name="file.encoding" value="UTF-8" />
    <property name="ant.project.invoked-targets" value="test" />
    <property name="java.vm.name" value="Java HotSpot(TM) 64-Bit Server VM" />
    <property name="ant.core.lib" value="C:\Program Files\JetBrains\IntelliJ IDEA 2023.1\lib\ant\lib\ant.jar" />
    <property name="java.vendor.url.bug" value="https://bugreport.java.com/bugreport/" />
    <property name="java.io.tmpdir" value="C:\Users\acer\AppData\Local\Temp\" />
    <property name="java.version" value="17.0.6" />
    <property name="user.dir" value="C:\Users\acer\Rational" />
    <property name="os.arch" value="amd64" />
    <property name="java.vm.specification.name" value="Java Virtual Machine Specification" />
    <property name="user.language.format" value="th" />
    <property name="ant.home" value="C:\Program Files\JetBrains\IntelliJ IDEA 2023.1\lib\ant" />
    <property name="sun.os.patch.level" value="" />
    <property name="native.encoding" value="Cp1252" />
    <property name="ant.version" value="Apache Ant(TM) version 1.10.12 compiled on October 13 2021" />
    <property name="java.library.path" value="C:\Program Files\Java\jdk-17\bin;C:\WINDOWS\Sun\Java\bin;C:\WINDOWS\system32;C:\WINDOWS;C:\Program Files\Common Files\Oracle\Java\javapath;C:\Program Files (x86)\Razer Chroma SDK\bin;C:\Program Files\Razer Chroma SDK\bin;C:\Program Files (x86)\Razer\ChromaBroadcast\bin;C:\Program Files\Razer\ChromaBroadcast\bin;C:\Program Files (x86)\Common Files\Intel\Shared Libraries\redist\intel64\compiler;C:\Windows\system32;C:\Windows;C:\Windows\System32\Wbem;C:\Windows\System32\WindowsPowerShell\v1.0\;C:\Windows\System32\OpenSSH\;C:\Program Files (x86)\NVIDIA Corporation\PhysX\Common;C:\Program Files\NVIDIA Corporation\NVIDIA NvDLISR;C:\WINDOWS\system32;C:\WINDOWS;C:\WINDOWS\System32\Wbem;C:\WINDOWS\System32\WindowsPowerShell\v1.0\;C:\WINDOWS\System32\OpenSSH\;C:\Program Files\MATLAB\R2021b\bin;C:\Program Files\nodejs\;C:\WINDOWS\system32\config\systemprofile\AppData\Local\Microsoft\WindowsApps;C:\Program Files\dotnet\;C:\Program Files\PuTTY\;C:\Program Files (x86)\Pulse Secure\VC142.CRT\X64\;C:\Program Files (x86)\Pulse Secure\VC142.CRT\X86\;C:\Program Files\Git\cmd;C:\Users\acer\AppData\Local\Programs\Python\Python311\Scripts\;C:\Users\acer\AppData\Local\Programs\Python\Python311\;C:\Program Files\MySQL\MySQL Shell 8.0\bin\;C:\Users\acer\AppData\Local\Microsoft\WindowsApps;C:\Users\acer\AppData\Local\Programs\Microsoft VS Code\bin;C:\Users\acer\AppData\Roaming\npm;." />
    <property name="java.vendor" value="Oracle Corporation" />
    <property name="java.vm.info" value="mixed mode, sharing" />
    <property name="java.vm.version" value="17.0.6+9-LTS-190" />
    <property name="sun.io.unicode.encoding" value="UnicodeLittle" />
    <property name="java.class.version" value="61.0" />
  </properties>
  <testcase classname="RationalTest" name="testAdd" time="0.006" />
  <testcase classname="RationalTest" name="testSubtract" time="0.0" />
  <testcase classname="RationalTest" name="testCompareTo" time="0.0" />
  <testcase classname="RationalTest" name="testDivide" time="0.0" />
  <testcase classname="RationalTest" name="testEquals" time="0.0" />
  <testcase classname="RationalTest" name="testMultiply" time="0.0" />
  <testcase classname="RationalTest" name="testConstructor" time="0.0" />
  <system-out><![CDATA[]]></system-out>
  <system-err><![CDATA[]]></system-err>
</testsuite>
